

*******************************************************************************
Tue Sep 20 22:03:40 2022


FIT:    data read from 'data/2_6_2_2_double.dat' using 4:5
        format = x:z
        x range restricted to [2.00000 : 10.0000]
        #datapoints = 9
        residuals are weighted equally (unit weight)

function used for fitting: f_1(x)
	f_1(x) = m_1 * x + b_1
fitted parameters initialized with current variable values

iter      chisq       delta/lim  lambda   m_1           b_1          
   0 3.8833360154e+03   0.00e+00  4.67e+00    1.000000e+00   1.000000e+00
   5 1.5616072616e+00  -2.70e-10  4.67e-05    4.806300e-01  -1.660840e+01

After 5 iterations the fit converged.
final sum of squares of residuals : 1.56161
rel. change during last iteration : -2.70161e-15

degrees of freedom    (FIT_NDF)                        : 7
rms of residuals      (FIT_STDFIT) = sqrt(WSSR/ndf)    : 0.472321
variance of residuals (reduced chisquare) = WSSR/ndf   : 0.223087

Final set of parameters            Asymptotic Standard Error
=======================            ==========================
m_1             = 0.48063          +/- 0.06098      (12.69%)
b_1             = -16.6084         +/- 0.3983       (2.398%)

correlation matrix of the fit parameters:
                m_1    b_1    
m_1             1.000 
b_1            -0.919  1.000 


*******************************************************************************
Tue Sep 20 22:03:40 2022


FIT:    data read from 'data/2_6_2_2_single.dat' using 4:5
        format = x:z
        x range restricted to [2.00000 : 8.00000]
        #datapoints = 7
        residuals are weighted equally (unit weight)

function used for fitting: f_2(x)
	f_2(x) = m_2 * x + b_2
fitted parameters initialized with current variable values

iter      chisq       delta/lim  lambda   m_2           b_2          
   0 6.9319587258e+02   0.00e+00  3.87e+00    1.000000e+00   1.000000e+00
   4 1.8313590206e+00  -2.38e-01  3.87e-04    1.117750e+00  -9.524087e+00

After 4 iterations the fit converged.
final sum of squares of residuals : 1.83136
rel. change during last iteration : -2.37631e-06

degrees of freedom    (FIT_NDF)                        : 5
rms of residuals      (FIT_STDFIT) = sqrt(WSSR/ndf)    : 0.605204
variance of residuals (reduced chisquare) = WSSR/ndf   : 0.366272

Final set of parameters            Asymptotic Standard Error
=======================            ==========================
m_2             = 1.11775          +/- 0.1144       (10.23%)
b_2             = -9.52409         +/- 0.6159       (6.467%)

correlation matrix of the fit parameters:
                m_2    b_2    
m_2             1.000 
b_2            -0.928  1.000 


*******************************************************************************
Tue Sep 20 22:04:09 2022


FIT:    data read from 'data/2_6_2_2_double.dat' using 4:5
        format = x:z
        x range restricted to [2.00000 : 10.0000]
        #datapoints = 9
        residuals are weighted equally (unit weight)

function used for fitting: f_1(x)
	f_1(x) = m_1 * x + b_1
fitted parameters initialized with current variable values

iter      chisq       delta/lim  lambda   m_1           b_1          
   0 3.8833360154e+03   0.00e+00  4.67e+00    1.000000e+00   1.000000e+00
   5 1.5616072616e+00  -2.70e-10  4.67e-05    4.806300e-01  -1.660840e+01

After 5 iterations the fit converged.
final sum of squares of residuals : 1.56161
rel. change during last iteration : -2.70161e-15

degrees of freedom    (FIT_NDF)                        : 7
rms of residuals      (FIT_STDFIT) = sqrt(WSSR/ndf)    : 0.472321
variance of residuals (reduced chisquare) = WSSR/ndf   : 0.223087

Final set of parameters            Asymptotic Standard Error
=======================            ==========================
m_1             = 0.48063          +/- 0.06098      (12.69%)
b_1             = -16.6084         +/- 0.3983       (2.398%)

correlation matrix of the fit parameters:
                m_1    b_1    
m_1             1.000 
b_1            -0.919  1.000 


*******************************************************************************
Tue Sep 20 22:04:09 2022


FIT:    data read from 'data/2_6_2_2_single.dat' using 4:5
        format = x:z
        x range restricted to [2.00000 : 8.00000]
        #datapoints = 7
        residuals are weighted equally (unit weight)

function used for fitting: f_2(x)
	f_2(x) = m_2 * x + b_2
fitted parameters initialized with current variable values

iter      chisq       delta/lim  lambda   m_2           b_2          
   0 6.9319587258e+02   0.00e+00  3.87e+00    1.000000e+00   1.000000e+00
   4 1.8313590206e+00  -2.38e-01  3.87e-04    1.117750e+00  -9.524087e+00

After 4 iterations the fit converged.
final sum of squares of residuals : 1.83136
rel. change during last iteration : -2.37631e-06

degrees of freedom    (FIT_NDF)                        : 5
rms of residuals      (FIT_STDFIT) = sqrt(WSSR/ndf)    : 0.605204
variance of residuals (reduced chisquare) = WSSR/ndf   : 0.366272

Final set of parameters            Asymptotic Standard Error
=======================            ==========================
m_2             = 1.11775          +/- 0.1144       (10.23%)
b_2             = -9.52409         +/- 0.6159       (6.467%)

correlation matrix of the fit parameters:
                m_2    b_2    
m_2             1.000 
b_2            -0.928  1.000 
